<?xml version="1.0" encoding="UTF-8"?>
<!-- Generated by org.testng.reporters.JUnitReportReporter -->
<testsuite hostname="Pratik" failures="0" tests="2" name="testCases.TC_001_AccountRegistrationTest" time="5.336" errors="0" timestamp="2026-06-16T16:21:51 IST" skipped="0">
  <testcase classname="testCases.TC_001_AccountRegistrationTest" name="verify_account_registration" time="2.354"/>
  <testcase classname="testCases.TC_001_AccountRegistrationTest" name="verify_account_registration" time="2.982"/>
</testsuite> <!-- testCases.TC_001_AccountRegistrationTest -->
