<?xml version="1.0" encoding="UTF-8"?>
<!-- Generated by org.testng.reporters.JUnitReportReporter -->
<testsuite hostname="Pratik" failures="0" tests="6" name="testCases.TC003_LoginDDT" time="56.800" errors="0" timestamp="2026-06-12T15:49:23 IST" skipped="0">
  <testcase classname="testCases.TC003_LoginDDT" name="verify_loginDDT" time="3.040"/>
  <testcase classname="testCases.TC003_LoginDDT" name="verify_loginDDT" time="2.662"/>
  <testcase classname="testCases.TC003_LoginDDT" name="verify_loginDDT" time="2.807"/>
  <testcase classname="testCases.TC003_LoginDDT" name="verify_loginDDT" time="22.781"/>
  <testcase classname="testCases.TC003_LoginDDT" name="verify_loginDDT" time="2.995"/>
  <testcase classname="testCases.TC003_LoginDDT" name="verify_loginDDT" time="22.515"/>
</testsuite> <!-- testCases.TC003_LoginDDT -->
